<?xml version="1.0" encoding="UTF-8"?>
<!-- Generated by org.testng.reporters.JUnitReportReporter -->
<testsuite hostname="LAPTOP-UU771BCN" failures="0" tests="1" name="login.CreateAccount" time="12.000" errors="0" timestamp="2023-02-12T12:03:04 CST" skipped="0">
  <testcase classname="login.CreateAccount" name="testNGAsserts" time="12.000"/>
  <system-out/>
</testsuite> <!-- login.CreateAccount -->
